2025-02-26 15:14:35,926 - INFO - 
==================================================
2025-02-26 15:14:35,926 - INFO - CHECKING REQUIRED TOOLS
2025-02-26 15:14:35,926 - INFO - ==================================================
2025-02-26 15:14:44,749 - INFO - Installed missing tools: rkhunter
2025-02-26 15:14:44,749 - INFO - 
==================================================
2025-02-26 15:14:44,749 - INFO - CHECKING FIREWALL STATUS
2025-02-26 15:14:44,749 - INFO - ==================================================
2025-02-26 15:14:51,311 - INFO - Firewall has been enabled.
2025-02-26 15:14:51,311 - INFO - 
==================================================
2025-02-26 15:14:51,311 - INFO - RUNNING CLAMAV SCAN
2025-02-26 15:14:51,311 - INFO - ==================================================
2025-02-26 15:14:51,321 - WARNING - Potential threats detected: 
----------- SCAN SUMMARY -----------
Known viruses: 0
Engine version: 1.4.1
Scanned directories: 0
Scanned files: 0
Infected files: 0
Data scanned: 0.00 MB
Data read: 0.00 MB (ratio 0.00:1)
Time: 0.004 sec (0 m 0 s)
Start Date: 2025:02:26 15:14:51
End Date:   2025:02:26 15:14:51

2025-02-26 15:14:51,321 - INFO - 
==================================================
2025-02-26 15:14:51,321 - INFO - CHECKING OPEN PORTS
2025-02-26 15:14:51,321 - INFO - ==================================================
2025-02-26 15:14:51,352 - WARNING - Suspicious open port found: tcp   LISTEN 0      128          0.0.0.0:22        0.0.0.0:*
2025-02-26 15:14:54,641 - INFO - Rule for port 22 already exists. Skipping.
2025-02-26 15:14:54,642 - WARNING - Suspicious open port found: tcp   LISTEN 0      128             [::]:22           [::]:*
2025-02-26 15:14:56,326 - INFO - Rule for port 22 already exists. Skipping.
2025-02-26 15:14:56,326 - INFO - 
==================================================
2025-02-26 15:14:56,326 - INFO - CHECKING FOR SYSTEM UPDATES
2025-02-26 15:14:56,326 - INFO - ==================================================
2025-02-26 15:15:27,579 - WARNING - Updates available: abseil-cpp 20240722.0-1 -> 20240722.1-1
aom 3.11.0-1 -> 3.12.0-1
aquamarine 0.7.1-1 -> 0.7.2-1
archlinux-keyring 20241203-1 -> 20250123-1
bat 0.25.0-2 -> 0.25.0-4
binutils 2.43_1+r171+g01da089627be-1 -> 2.44-1
blueman 2.4.3-2 -> 2.4.4-1
blueprint-compiler 0.14.0-3 -> 0.16.0-1
boost-libs 1.86.0-6 -> 1.87.0-3
ca-certificates-mozilla 3.107-1 -> 3.108-1
clamav 1.4.1-1 -> 1.4.2-1
clang 19.1.6-1 -> 19.1.7-1
cmake 3.31.4-1 -> 3.31.6-1
compiler-rt 19.1.6-1 -> 19.1.7-1
composefs 1.0.4-1 -> 1.0.7-1
coreutils 9.5-2 -> 9.6-2
curl 8.11.1-3 -> 8.12.1-1
dart-sass 1.82.0-1 -> 1.83.4-1
dav1d 1.5.0-1 -> 1.5.1-1
debuginfod 0.192-2 -> 0.192-4
diffutils 3.10-1 -> 3.11-1
discord 0.0.80-1 -> 0.0.87-1
dotnet-host 8.0.11.sdk111-1 -> 9.0.2.sdk103-1
dotnet-runtime 8.0.11.sdk111-1 -> 9.0.2.sdk103-1
dotnet-sdk 8.0.11.sdk111-1 -> 9.0.2.sdk103-1
dotnet-targeting-pack 8.0.11.sdk111-1 -> 9.0.2.sdk103-1
double-conversion 3.3.0-2 -> 3.3.1-1
enchant 2.8.2-1 -> 2.8.2-2
ethtool 1:6.9-1 -> 1:6.11-1
eza 0.20.15-1 -> 0.20.22-1
fakeroot 1.36.2-1 -> 1.37-1
fastfetch 2.34.1-1 -> 2.37.0-1
file-roller 44.4-1 -> 44.5-1
firefox 134.0.1-1 -> 135.0.1-1
flac 1.4.3-2 -> 1.5.0-1
fmt 11.1.2-1 -> 11.1.3-1
fontconfig 2:2.15.0-2 -> 2:2.16.0-2
freerdp2 2.11.7-2 -> 2.11.7-3
freetype2 2.13.3-1 -> 2.13.3-3
fzf 0.57.0-1 -> 0.60.2-1
gcc 14.2.1+r134+gab884fffe3fc-2 -> 14.2.1+r753+g1cd744a6828f-1
gcc-libs 14.2.1+r134+gab884fffe3fc-2 -> 14.2.1+r753+g1cd744a6828f-1
gdb 15.2-4 -> 16.2-1
gdb-common 15.2-4 -> 16.2-1
gdbm 1.24-1 -> 1.24-2
gedit 48.1-2 -> 48.1-3
git 2.48.1-1 -> 2.48.1-2
gitui 0.26.3-2 -> 0.27.0-1
glib2 2.82.4-2 -> 2.82.5-1
glib2-devel 2.82.4-2 -> 2.82.5-1
glibc 2.40+r16+gaa533d58ff-2 -> 2.41+r9+ga900dbaf70f0-1
gnome-system-monitor 47.0-3 -> 47.1-1
gnutls 3.8.8-1 -> 3.8.9-1
go 2:1.23.5-1 -> 2:1.24.0-1
gobject-introspection 1.82.0-2 -> 1.82.0-3
gobject-introspection-runtime 1.82.0-2 -> 1.82.0-3
gpgme 1.24.1-3 -> 1.24.2-1
grub 2:2.12-3 -> 2:2.12.r212.g4dc616657-2
gspell 1.14.0-1 -> 1.14.0-2
gst-plugins-bad-libs 1.24.11-2 -> 1.24.12-3
gst-plugins-base-libs 1.24.11-2 -> 1.24.12-3
gstreamer 1.24.11-2 -> 1.24.12-3
gtk3 1:3.24.43-4 -> 1:3.24.48-2
gtk4-layer-shell 1.0.4-1 -> 1.1.0-1
gupnp 1:1.6.7-1 -> 1:1.6.8-1
gvfs 1.56.1-1 -> 1.56.1-3
gvfs-mtp 1.56.1-1 -> 1.56.1-3
harfbuzz 10.2.0-1 -> 10.3.0-1
harfbuzz-icu 10.2.0-1 -> 10.3.0-1
hwdata 0.391-1 -> 0.392-1
hyprcursor 0.1.11-1 -> 0.1.11-3
hyprgraphics 0.1.1-3 -> 0.1.2-1
hypridle 0.1.5-2 -> 0.1.5-4
hyprland 0.46.2-7 -> 0.47.2-2
hyprland-qt-support 0.1.0-2 -> 0.1.0-4
hyprland-qtutils 0.1.3-2 -> 0.1.3-4
hyprlang 0.6.0-3 -> 0.6.0-5
hyprlock 0.6.1-1 -> 0.7.0-1
hyprutils 0.3.3-1 -> 0.5.1-1
icu 75.1-2 -> 76.1-1
imagemagick 7.1.1.43-1 -> 7.1.1.44-1
imath 3.1.12-2 -> 3.1.12-3
iniparser 4.2.5-1 -> 4.2.6-1
intel-ucode 20241112-1 -> 20250211-1
iproute2 6.12.0-1 -> 6.13.0-1
jdk-openjdk 23.0.1.u0-2 -> 23.0.2.u7-1
js128 128.5.1-1 -> 128.7.0-1
kbd 2.7.1-1 -> 2.7.1-2
kcoreaddons 6.10.0-1 -> 6.11.0-1
kitty 0.38.1-1 -> 0.39.1-1
kitty-shell-integration 0.38.1-1 -> 0.39.1-1
kitty-terminfo 0.38.1-1 -> 0.39.1-1
kmod 33-3 -> 34-1
kwindowsystem 6.10.0-1 -> 6.11.0-1
lazygit 0.45.2-1 -> 0.47.2-1
lcms2 2.16-1 -> 2.17-1
lib32-fontconfig 2:2.15.0-1 -> 2:2.16.0-2
lib32-freetype2 2.13.3-2 -> 2.13.3-3
lib32-gcc-libs 14.2.1+r134+gab884fffe3fc-2 -> 14.2.1+r753+g1cd744a6828f-1
lib32-glib2 2.82.4-1 -> 2.82.5-1
lib32-glibc 2.40+r16+gaa533d58ff-2 -> 2.41+r9+ga900dbaf70f0-1
lib32-harfbuzz 10.2.0-1 -> 10.3.0-1
lib32-icu 75.1-1 -> 76.1-1
lib32-libffi 3.4.6-1 -> 3.4.7-1
lib32-libpng 1.6.45-1 -> 1.6.47-1
lib32-libx11 1.8.10-1 -> 1.8.11-1
lib32-libxkbcommon 1.7.0-2 -> 1.8.0-1
lib32-libxml2 2.13.5-1 -> 2.13.6-2
lib32-openssl 1:3.4.0-1 -> 1:3.4.1-1
lib32-pcre2 10.44-1 -> 10.45-1
lib32-systemd 257.2-1 -> 257.3-1
lib32-xz 5.6.3-1 -> 5.6.4-1
lib32-zstd 1.5.6-1 -> 1.5.7-2
libadwaita 1:1.6.3-1 -> 1:1.6.4-1
libavif 1.1.1-2 -> 1.2.0-1
libblockdev 3.2.1-3 -> 3.3.0-1
libblockdev-crypto 3.2.1-3 -> 3.3.0-1
libblockdev-fs 3.2.1-3 -> 3.3.0-1
libblockdev-loop 3.2.1-3 -> 3.3.0-1
libblockdev-mdraid 3.2.1-3 -> 3.3.0-1
libblockdev-nvme 3.2.1-3 -> 3.3.0-1
libblockdev-part 3.2.1-3 -> 3.3.0-1
libblockdev-swap 3.2.1-3 -> 3.3.0-1
libcurl-gnutls 8.11.1-3 -> 8.12.1-1
libedit 20240808_3.1-1 -> 20250104_3.1-1
libelf 0.192-2 -> 0.192-4
libfbclient 5.0.1.1469-1 -> 5.0.2.1613-1
libffi 3.4.6-1 -> 3.4.7-1
libgcrypt 1.11.0-2 -> 1.11.0-3
libgedit-tepl 6.12.0-1 -> 6.12.0-2
libgirepository 1.82.0-2 -> 1.82.0-3
libgit2 1:1.8.4-1 -> 1:1.9.0-2
liblc3 1.1.1-1 -> 1.1.3-1
libmaxminddb 1.12.2-1 -> 1.12.2-2
libnautilus-extension 47.1-2 -> 47.2-1
libnghttp3 1.7.0-1 -> 1.8.0-1
libngtcp2 1.10.0-1 -> 1.11.0-1
libnm 1.50.1-2 -> 1.50.2-1
libnotify 0.8.3-1 -> 0.8.4-1
libopenmpt 0.7.13-1 -> 0.7.13-2
libpng 1.6.45-1 -> 1.6.47-1
libsecret 0.21.4-1 -> 0.21.6-1
libsndfile 1.2.2-2 -> 1.2.2-3
libsysprof-capture 47.2-1 -> 47.2-3
libtasn1 4.19.0-2 -> 4.20.0-1
libtool 2.5.4+r1+gbaa1fe41-1 -> 2.5.4+r1+gbaa1fe41-3
liburing 2.8-1 -> 2.9-1
libvorbis 1.3.7-3 -> 1.3.7-4
libwireplumber 0.5.7-1 -> 0.5.8-1
libx11 1.8.10-1 -> 1.8.11-1
libxkbcommon 1.7.0-2 -> 1.8.0-1
libxkbcommon-x11 1.7.0-2 -> 1.8.0-1
libxml2 2.13.5-2 -> 2.13.6-2
lilv 0.24.24-3 -> 0.24.26-1
linux 6.12.9.arch1-1 -> 6.13.4.arch1-1
linux-api-headers 6.10-1 -> 6.13-1
linux-firmware 20250109.7673dffd-1 -> 20250210.5bc5868b-1
linux-firmware-whence 20250109.7673dffd-1 -> 20250210.5bc5868b-1
lld 19.1.6-1 -> 19.1.7-1
llvm 19.1.6-3 -> 19.1.7-1
llvm-libs 19.1.6-3 -> 19.1.7-1
luajit 2.1.1731601260-1 -> 2.1.1736781742-1
mariadb-libs 11.6.2-2 -> 11.7.2-1
mercurial 6.9.1-1 -> 6.9.2-1
mesa 1:24.3.3-2 -> 1:24.3.4-1
meson 1.6.1-1 -> 1.7.0-1
mongo-c-driver 1.29.2-1 -> 1.30.0-1
mpfr 4.2.1-4 -> 4.2.1-6
mujs 1.3.5-1 -> 1.3.6-1
neovim 0.10.3-1 -> 0.10.4-2
netstandard-targeting-pack 8.0.11.sdk111-1 -> 9.0.2.sdk103-1
networkmanager 1.50.1-2 -> 1.50.2-1
node-gyp 11.0.0-1 -> 11.1.0-3
nodejs 23.4.0-1 -> 23.8.0-4
noto-fonts 1:2025.01.01-1 -> 1:2025.02.01-1
npm 11.0.0-1 -> 11.1.0-2
nss 3.107-1 -> 3.108-1
nwg-look 1.0.0-1 -> 1.0.2-1
obs-studio 31.0.0-4 -> 31.0.1-2
openh264 2.5.0-1 -> 2.6.0-1
openssh 9.9p1-2 -> 9.9p2-1
openssl 3.4.0-1 -> 3.4.1-1
orc 0.4.40-1 -> 0.4.41-1
ostree 2024.10-1 -> 2025.1-1
pacman 7.0.0.r6.gc685ae6-1 -> 7.0.0.r6.gc685ae6-2
pacman-contrib 1.10.6-2 -> 1.11.0-1
pam 1.7.0-1 -> 1.7.0-2
pango 1:1.54.0-1 -> 1:1.56.1-1
pangomm-2.48 2.54.0-1 -> 2.56.1-1
pcre2 10.44-1 -> 10.45-1
perl 5.40.0-1 -> 5.40.1-2
postgresql-libs 17.2-1 -> 17.2-3
procps-ng 4.0.5-1 -> 4.0.5-2
pugixml 1.14-1 -> 1.15-1
python 3.13.1-1 -> 3.13.2-1
python-argcomplete 3.4.0-2 -> 3.5.3-1
python-cachecontrol 1:0.14.1-2 -> 1:0.14.2-1
python-certifi 2024.12.14-1 -> 2025.01.31-1
python-click 8.1.7-4 -> 8.1.8-1
python-cryptography 44.0.0-1 -> 44.0.1-1
python-filelock 3.16.1-2 -> 3.17.0-1
python-legacy-cgi 2.6.1-1 -> 2.6.2-1
python-lxml 5.3.0-2 -> 5.3.1-1
python-mako 1.3.8-1 -> 1.3.9-1
python-pexpect 4.9.0-3 -> 4.9.0-4
python-poetry 1.8.5-1 -> 2.1.1-1
python-poetry-core 1.9.1-1 -> 2.1.1-1
python-poetry-plugin-export 1.8.0-3 -> 1.9.0-1
python-psutil 6.1.1-1 -> 7.0.0-1
python-ptyprocess 0.7.0-7 -> 0.7.0-8
python-pytz 2024.2-2 -> 2025.1-1
python-rapidfuzz 3.11.0-1 -> 3.12.1-1
python-setuptools 1:75.2.0-4 -> 1:75.8.0-1
python-sphinx 8.1.3-2 -> 8.2.1-1
python-trove-classifiers 2025.1.6.15-1 -> 2025.2.18.16-1
qt5-base 5.15.16+kde+r130-3 -> 5.15.16+kde+r130-4
qt5ct 1.8-2 -> 1.9-1
qt6-5compat 6.8.1-1 -> 6.8.2-2
qt6-base 6.8.1-1 -> 6.8.2-3
qt6-declarative 6.8.1-3 -> 6.8.2-1
qt6-imageformats 6.8.1-1 -> 6.8.2-1
qt6-multimedia 6.8.1-2 -> 6.8.2-1
qt6-multimedia-ffmpeg 6.8.1-2 -> 6.8.2-1
qt6-shadertools 6.8.1-1 -> 6.8.2-1
qt6-svg 6.8.1-1 -> 6.8.2-1
qt6-translations 6.8.1-1 -> 6.8.2-1
qt6-wayland 6.8.1-1 -> 6.8.2-1
qt6ct 0.9-12 -> 0.9-13
rofi-wayland 1.7.7.1-1 -> 1.7.8.1-2
rust 1:1.84.0-1 -> 1:1.85.0-1
semver 7.6.3-1 -> 7.7.1-1
serd 0.32.2-1 -> 0.32.4-1
sfml 2.6.2-1 -> 3.0.0-2
sof-firmware 2024.09.2-1 -> 2025.01-1
sord 0.16.16-1 -> 0.16.18-1
source-highlight 3.1.9-13 -> 3.1.9-14
spdlog 1.15.0-2 -> 1.15.1-1
sqlite 3.48.0-2 -> 3.49.1-1
sratom 0.6.16-1 -> 0.6.18-1
systemd 257.2-2 -> 257.3-1
systemd-libs 257.2-2 -> 257.3-1
systemd-sysvcompat 257.2-2 -> 257.3-1
tdb 1.4.12-2 -> 1.4.13-1
telegram-desktop 5.10.3-1 -> 5.11.1-2
texinfo 7.1.1-1 -> 7.2-1
thunar 4.20.1-1 -> 4.20.2-1
tinysparql 3.8.2-2 -> 3.8.2-3
tree-sitter 0.24.7-1 -> 0.25.1-1
tree-sitter-c 0.23.4-1 -> 0.23.5-1
tree-sitter-query 0.4.0-1 -> 0.5.0-1
unzip 6.0-21 -> 6.0-22
valgrind 3.24.0-1 -> 3.24.0-3
vifm 0.13-3 -> 0.14-1
vim 9.1.1006-1 -> 9.1.1120-1
vim-runtime 9.1.1006-1 -> 9.1.1120-1
waybar 0.11.0-6 -> 0.12.0-1
wayland-protocols 1.39-1 -> 1.41-1
webkit2gtk-4.1 2.46.5-1 -> 2.46.6-2
webrtc-audio-processing-1 1.3-3 -> 1.3-4
which 2.21-6 -> 2.23-1
wine 9.22-1 -> 10.2-2
wireplumber 0.5.7-1 -> 0.5.8-1
wireshark-cli 4.4.3-1 -> 4.4.5-1
wireshark-qt 4.4.3-1 -> 4.4.5-1
wpa_supplicant 2:2.11-2 -> 2:2.11-3
xdg-desktop-portal 1.18.4-2 -> 1.20.0-1
xdg-desktop-portal-hyprland 1.3.9-3 -> 1.3.9-5
xkeyboard-config 2.43-1 -> 2.44-1
xorg-server 21.1.15-1 -> 21.1.16-1
xorg-server-common 21.1.15-1 -> 21.1.16-1
xorg-server-xvfb 21.1.15-1 -> 21.1.16-1
xorg-xwayland 24.1.4-1 -> 24.1.6-1
xplr 0.21.9-1 -> 0.21.10-1
xz 5.6.3-1 -> 5.6.4-1
yt-dlp 2025.01.15-1 -> 2025.02.19-1
zenity 4.0.3-1 -> 4.0.5-1
zix 0.4.2-2 -> 0.6.2-1
zlib-ng 2.2.3-1 -> 2.2.4-1
zoxide 0.9.6-1 -> 0.9.7-1
zstd 1.5.6-1 -> 1.5.7-2

2025-02-26 15:15:27,579 - INFO - 
==================================================
2025-02-26 15:15:27,579 - INFO - CHECKING SSH SECURITY
2025-02-26 15:15:27,579 - INFO - ==================================================
2025-02-26 15:15:27,579 - WARNING - Password authentication is enabled.
2025-02-26 15:15:27,579 - INFO - 
==================================================
2025-02-26 15:15:27,579 - INFO - CHECKING FILE PERMISSIONS
2025-02-26 15:15:27,579 - INFO - ==================================================
2025-02-26 15:15:54,512 - INFO - No changes made to file permissions.
2025-02-26 15:15:54,514 - INFO - 
==================================================
2025-02-26 15:15:54,514 - INFO - CHECKING FOR ROOTKITS
2025-02-26 15:15:54,514 - INFO - ==================================================
2025-02-26 15:15:54,515 - ERROR - rkhunter is not installed. Skipping rootkit check.
2025-02-26 15:15:54,515 - INFO - 
==================================================
2025-02-26 15:15:54,515 - INFO - ENABLING FAIL2BAN
2025-02-26 15:15:54,515 - INFO - ==================================================
2025-02-26 15:15:54,716 - INFO - fail2ban has been enabled and started.
2025-02-26 15:15:54,716 - INFO - 
==================================================
2025-02-26 15:15:54,716 - INFO - ENABLING AUDITD
2025-02-26 15:15:54,716 - INFO - ==================================================
2025-02-26 15:15:54,990 - INFO - auditd has been enabled and started.
2025-02-26 15:15:54,990 - INFO - 
==================================================
2025-02-26 15:15:54,990 - INFO - CHECKING UNNECESSARY SERVICES
2025-02-26 15:15:54,990 - INFO - ==================================================
2025-02-26 15:15:55,241 - WARNING - Unnecessary service found: bluetooth.service
2025-02-26 15:16:01,752 - INFO - bluetooth.service remains enabled.
2025-02-26 15:16:01,752 - INFO - 
==================================================
2025-02-26 15:16:01,753 - INFO - CHECKING SELINUX/APPARMOR STATUS
2025-02-26 15:16:01,753 - INFO - ==================================================
2025-02-26 15:16:01,754 - INFO - SELinux is not used on Arch Linux. Skipping check.
2025-02-26 15:16:01,787 - INFO - AppArmor is enabled.
2025-02-26 15:16:01,787 - INFO - 
==================================================
2025-02-26 15:16:01,787 - INFO - CHECKING PASSWORD POLICIES
2025-02-26 15:16:01,787 - INFO - ==================================================
2025-02-26 15:16:01,791 - INFO - Password policy found: PASS_MAX_DAYS	99999
2025-02-26 15:16:01,792 - INFO - 
==================================================
2025-02-26 15:16:01,792 - INFO - SETTING UP REMINDERS
2025-02-26 15:16:01,792 - INFO - ==================================================
2025-02-26 15:16:05,106 - INFO - No reminders set.
2025-03-03 13:46:47,591 - INFO - 
==================================================
2025-03-03 13:46:47,591 - INFO - CHECKING REQUIRED TOOLS
2025-03-03 13:46:47,591 - INFO - ==================================================
2025-03-03 13:46:53,993 - INFO - Installed missing tools: rkhunter
2025-03-03 13:46:53,993 - INFO - 
==================================================
2025-03-03 13:46:53,993 - INFO - CHECKING FIREWALL STATUS
2025-03-03 13:46:53,993 - INFO - ==================================================
2025-03-03 13:50:04,388 - INFO - 
==================================================
2025-03-03 13:50:04,388 - INFO - CHECKING REQUIRED TOOLS
2025-03-03 13:50:04,388 - INFO - ==================================================
2025-03-03 13:50:06,130 - WARNING - Missing tools not installed: rkhunter
2025-03-03 13:50:06,130 - INFO - 
==================================================
2025-03-03 13:50:06,130 - INFO - CHECKING FIREWALL STATUS
2025-03-03 13:50:06,130 - INFO - ==================================================
2025-03-03 13:50:08,523 - INFO - Firewall has been enabled.
2025-03-03 13:50:08,523 - INFO - 
==================================================
2025-03-03 13:50:08,523 - INFO - RUNNING CLAMAV SCAN
2025-03-03 13:50:08,523 - INFO - ==================================================
2025-03-03 13:50:08,537 - WARNING - Potential threats detected: 
----------- SCAN SUMMARY -----------
Known viruses: 0
Engine version: 1.4.1
Scanned directories: 0
Scanned files: 0
Infected files: 0
Data scanned: 0.00 MB
Data read: 0.00 MB (ratio 0.00:1)
Time: 0.004 sec (0 m 0 s)
Start Date: 2025:03:03 13:50:08
End Date:   2025:03:03 13:50:08

2025-03-03 13:50:08,537 - INFO - 
==================================================
2025-03-03 13:50:08,537 - INFO - CHECKING OPEN PORTS
2025-03-03 13:50:08,537 - INFO - ==================================================
2025-03-03 13:50:08,567 - WARNING - Suspicious open port found: tcp   LISTEN 0      128          0.0.0.0:22         0.0.0.0:*
2025-03-03 13:51:50,252 - INFO - 
==================================================
2025-03-03 13:51:50,252 - INFO - CHECKING REQUIRED TOOLS
2025-03-03 13:51:50,252 - INFO - ==================================================
2025-03-03 13:51:52,084 - WARNING - Missing tools not installed: rkhunter
2025-03-03 13:51:52,084 - INFO - 
==================================================
2025-03-03 13:51:52,084 - INFO - CHECKING FIREWALL STATUS
2025-03-03 13:51:52,084 - INFO - ==================================================
2025-03-03 13:51:54,919 - INFO - Firewall has been enabled.
2025-03-03 13:51:54,919 - INFO - 
==================================================
2025-03-03 13:51:54,919 - INFO - RUNNING CLAMAV SCAN
2025-03-03 13:51:54,919 - INFO - ==================================================
2025-03-03 13:51:54,927 - WARNING - Potential threats detected: 
----------- SCAN SUMMARY -----------
Known viruses: 0
Engine version: 1.4.1
Scanned directories: 0
Scanned files: 0
Infected files: 0
Data scanned: 0.00 MB
Data read: 0.00 MB (ratio 0.00:1)
Time: 0.002 sec (0 m 0 s)
Start Date: 2025:03:03 13:51:54
End Date:   2025:03:03 13:51:54

2025-03-03 13:51:54,927 - INFO - 
==================================================
2025-03-03 13:51:54,927 - INFO - CHECKING OPEN PORTS
2025-03-03 13:51:54,927 - INFO - ==================================================
2025-03-03 13:51:54,937 - WARNING - Suspicious open port found: tcp   LISTEN 0      128          0.0.0.0:22        0.0.0.0:*
2025-03-03 13:52:19,663 - INFO - 
==================================================
2025-03-03 13:52:19,663 - INFO - CHECKING REQUIRED TOOLS
2025-03-03 13:52:19,663 - INFO - ==================================================
2025-03-03 13:52:22,044 - WARNING - Missing tools not installed: rkhunter
2025-03-03 13:52:22,044 - INFO - 
==================================================
2025-03-03 13:52:22,044 - INFO - CHECKING FIREWALL STATUS
2025-03-03 13:52:22,044 - INFO - ==================================================
2025-03-03 13:52:22,137 - INFO - Firewall is enabled.
2025-03-03 13:52:22,137 - INFO - 
==================================================
2025-03-03 13:52:22,137 - INFO - RUNNING CLAMAV SCAN
2025-03-03 13:52:22,137 - INFO - ==================================================
2025-03-03 13:52:22,145 - WARNING - Potential threats detected: 
----------- SCAN SUMMARY -----------
Known viruses: 0
Engine version: 1.4.1
Scanned directories: 0
Scanned files: 0
Infected files: 0
Data scanned: 0.00 MB
Data read: 0.00 MB (ratio 0.00:1)
Time: 0.002 sec (0 m 0 s)
Start Date: 2025:03:03 13:52:22
End Date:   2025:03:03 13:52:22

2025-03-03 13:52:22,145 - INFO - 
==================================================
2025-03-03 13:52:22,145 - INFO - CHECKING OPEN PORTS
2025-03-03 13:52:22,145 - INFO - ==================================================
2025-03-03 13:52:22,155 - WARNING - Suspicious open port found: tcp   LISTEN 0      128          0.0.0.0:22        0.0.0.0:*
2025-03-03 13:52:28,358 - INFO - Rule for port 22 already exists. Skipping.
2025-03-03 13:52:28,359 - WARNING - Suspicious open port found: tcp   LISTEN 0      128             [::]:22           [::]:*
2025-03-03 13:52:29,922 - INFO - Rule for port 22 already exists. Skipping.
2025-03-03 13:52:29,922 - INFO - 
==================================================
2025-03-03 13:52:29,922 - INFO - CHECKING FOR SYSTEM UPDATES
2025-03-03 13:52:29,922 - INFO - ==================================================
2025-03-03 13:53:01,198 - WARNING - Updates available: abseil-cpp 20240722.0-1 -> 20240722.1-1
aom 3.11.0-1 -> 3.12.0-1
aquamarine 0.7.1-1 -> 0.7.2-1
archlinux-keyring 20241203-1 -> 20250123-1
bat 0.25.0-2 -> 0.25.0-4
binutils 2.43_1+r171+g01da089627be-1 -> 2.44-1
blueman 2.4.3-2 -> 2.4.4-1
blueprint-compiler 0.14.0-3 -> 0.16.0-1
boost-libs 1.86.0-6 -> 1.87.0-3
ca-certificates-mozilla 3.107-1 -> 3.108-1
clamav 1.4.1-1 -> 1.4.2-1
clang 19.1.6-1 -> 19.1.7-1
cmake 3.31.4-1 -> 3.31.6-1
compiler-rt 19.1.6-1 -> 19.1.7-1
composefs 1.0.4-1 -> 1.0.7-1
coreutils 9.5-2 -> 9.6-3
curl 8.11.1-3 -> 8.12.1-1
dart-sass 1.82.0-1 -> 1.83.4-1
dav1d 1.5.0-1 -> 1.5.1-1
dbus 1.16.0-1 -> 1.16.2-1
debuginfod 0.192-2 -> 0.192-4
device-mapper 2.03.30-1 -> 2.03.31-1
diffutils 3.10-1 -> 3.11-1
discord 0.0.80-1 -> 0.0.87-1
dotnet-host 8.0.11.sdk111-1 -> 9.0.2.sdk103-1
dotnet-runtime 8.0.11.sdk111-1 -> 9.0.2.sdk103-1
dotnet-sdk 8.0.11.sdk111-1 -> 9.0.2.sdk103-1
dotnet-targeting-pack 8.0.11.sdk111-1 -> 9.0.2.sdk103-1
double-conversion 3.3.0-2 -> 3.3.1-1
enchant 2.8.2-1 -> 2.8.2-2
ethtool 1:6.9-1 -> 1:6.11-1
eza 0.20.15-1 -> 0.20.23-1
fakeroot 1.36.2-1 -> 1.37-1
fastfetch 2.34.1-1 -> 2.38.0-1
file-roller 44.4-1 -> 44.5-1
firefox 134.0.1-1 -> 135.0.1-1
flac 1.4.3-2 -> 1.5.0-1
fmt 11.1.2-1 -> 11.1.3-1
fontconfig 2:2.15.0-2 -> 2:2.16.0-2
freerdp2 2.11.7-2 -> 2.11.7-3
freetype2 2.13.3-1 -> 2.13.3-3
fzf 0.57.0-1 -> 0.60.2-1
gcc 14.2.1+r134+gab884fffe3fc-2 -> 14.2.1+r753+g1cd744a6828f-1
gcc-libs 14.2.1+r134+gab884fffe3fc-2 -> 14.2.1+r753+g1cd744a6828f-1
gdb 15.2-4 -> 16.2-1
gdb-common 15.2-4 -> 16.2-1
gdbm 1.24-1 -> 1.24-2
gedit 48.1-2 -> 48.1-3
gettext 0.23.1-2 -> 0.24-1
git 2.48.1-1 -> 2.48.1-2
gitui 0.26.3-2 -> 0.27.0-2
glib2 2.82.4-2 -> 2.82.5-1
glib2-devel 2.82.4-2 -> 2.82.5-1
glibc 2.40+r16+gaa533d58ff-2 -> 2.41+r9+ga900dbaf70f0-1
glow 2.0.0-1 -> 2.1.0-1
gnome-system-monitor 47.0-3 -> 47.1-1
gnutls 3.8.8-1 -> 3.8.9-1
go 2:1.23.5-1 -> 2:1.24.0-1
gobject-introspection 1.82.0-2 -> 1.82.0-3
gobject-introspection-runtime 1.82.0-2 -> 1.82.0-3
gpgme 1.24.1-3 -> 1.24.2-1
grim 1.4.1-2 -> 1.4.1-3
grub 2:2.12-3 -> 2:2.12.r226.g56ccc5ed-1
gspell 1.14.0-1 -> 1.14.0-2
gst-plugins-bad-libs 1.24.11-2 -> 1.24.12-3
gst-plugins-base-libs 1.24.11-2 -> 1.24.12-3
gstreamer 1.24.11-2 -> 1.24.12-3
gtk3 1:3.24.43-4 -> 1:3.24.48-2
gtk4-layer-shell 1.0.4-1 -> 1.1.0-1
gupnp 1:1.6.7-1 -> 1:1.6.8-1
gvfs 1.56.1-1 -> 1.56.1-3
gvfs-mtp 1.56.1-1 -> 1.56.1-3
harfbuzz 10.2.0-1 -> 10.4.0-1
harfbuzz-icu 10.2.0-1 -> 10.4.0-1
hwdata 0.391-1 -> 0.392-1
hyprcursor 0.1.11-1 -> 0.1.11-3
hyprgraphics 0.1.1-3 -> 0.1.2-1
hypridle 0.1.5-2 -> 0.1.5-4
hyprland 0.46.2-7 -> 0.47.2-2
hyprland-qt-support 0.1.0-2 -> 0.1.0-4
hyprland-qtutils 0.1.3-2 -> 0.1.3-4
hyprlang 0.6.0-3 -> 0.6.0-5
hyprlock 0.6.1-1 -> 0.7.0-1
hyprutils 0.3.3-1 -> 0.5.1-1
iana-etc 20241206-1 -> 20250213-1
icu 75.1-2 -> 76.1-1
imagemagick 7.1.1.43-1 -> 7.1.1.44-1
imath 3.1.12-2 -> 3.1.12-3
iniparser 4.2.5-1 -> 4.2.6-1
intel-ucode 20241112-1 -> 20250211-1
iproute2 6.12.0-1 -> 6.13.0-1
jdk-openjdk 23.0.1.u0-2 -> 23.0.2.u7-1
js128 128.5.1-1 -> 128.7.0-1
kbd 2.7.1-1 -> 2.7.1-2
kcoreaddons 6.10.0-1 -> 6.11.0-1
kitty 0.38.1-1 -> 0.39.1-1
kitty-shell-integration 0.38.1-1 -> 0.39.1-1
kitty-terminfo 0.38.1-1 -> 0.39.1-1
kmod 33-3 -> 34-1
kwindowsystem 6.10.0-1 -> 6.11.0-1
lazygit 0.45.2-1 -> 0.48.0-1
lcms2 2.16-1 -> 2.17-1
lib32-dbus 1.16.0-1 -> 1.16.2-1
lib32-fontconfig 2:2.15.0-1 -> 2:2.16.0-2
lib32-freetype2 2.13.3-2 -> 2.13.3-3
lib32-gcc-libs 14.2.1+r134+gab884fffe3fc-2 -> 14.2.1+r753+g1cd744a6828f-1
lib32-glib2 2.82.4-1 -> 2.82.5-1
lib32-glibc 2.40+r16+gaa533d58ff-2 -> 2.41+r9+ga900dbaf70f0-1
lib32-harfbuzz 10.2.0-1 -> 10.4.0-1
lib32-icu 75.1-1 -> 76.1-1
lib32-libffi 3.4.6-1 -> 3.4.7-1
lib32-libpng 1.6.45-1 -> 1.6.47-1
lib32-libx11 1.8.10-1 -> 1.8.11-1
lib32-libxkbcommon 1.7.0-2 -> 1.8.0-1
lib32-libxml2 2.13.5-1 -> 2.13.6-2
lib32-openssl 1:3.4.0-1 -> 1:3.4.1-1
lib32-pcre2 10.44-1 -> 10.45-1
lib32-systemd 257.2-1 -> 257.3-1
lib32-xz 5.6.3-1 -> 5.6.4-1
lib32-zstd 1.5.6-1 -> 1.5.7-2
libadwaita 1:1.6.3-1 -> 1:1.6.4-1
libavif 1.1.1-2 -> 1.2.0-1
libblockdev 3.2.1-3 -> 3.3.0-1
libblockdev-crypto 3.2.1-3 -> 3.3.0-1
libblockdev-fs 3.2.1-3 -> 3.3.0-1
libblockdev-loop 3.2.1-3 -> 3.3.0-1
libblockdev-mdraid 3.2.1-3 -> 3.3.0-1
libblockdev-nvme 3.2.1-3 -> 3.3.0-1
libblockdev-part 3.2.1-3 -> 3.3.0-1
libblockdev-swap 3.2.1-3 -> 3.3.0-1
libcurl-gnutls 8.11.1-3 -> 8.12.1-1
libedit 20240808_3.1-1 -> 20250104_3.1-1
libelf 0.192-2 -> 0.192-4
libfbclient 5.0.1.1469-1 -> 5.0.2.1613-1
libffi 3.4.6-1 -> 3.4.7-1
libgcrypt 1.11.0-2 -> 1.11.0-3
libgedit-tepl 6.12.0-1 -> 6.12.0-2
libgirepository 1.82.0-2 -> 1.82.0-3
libgit2 1:1.8.4-1 -> 1:1.9.0-2
liblc3 1.1.1-1 -> 1.1.3-1
libmaxminddb 1.12.2-1 -> 1.12.2-2
libnautilus-extension 47.1-2 -> 47.2-1
libnghttp3 1.7.0-1 -> 1.8.0-1
libngtcp2 1.10.0-1 -> 1.11.0-1
libnm 1.50.1-2 -> 1.52.0-1
libnotify 0.8.3-1 -> 0.8.4-1
libopenmpt 0.7.13-1 -> 0.7.13-2
libpng 1.6.45-1 -> 1.6.47-1
libsecret 0.21.4-1 -> 0.21.6-1
libsndfile 1.2.2-2 -> 1.2.2-3
libsysprof-capture 47.2-1 -> 47.2-3
libtasn1 4.19.0-2 -> 4.20.0-1
libtool 2.5.4+r1+gbaa1fe41-1 -> 2.5.4+r1+gbaa1fe41-3
liburing 2.8-1 -> 2.9-1
libvorbis 1.3.7-3 -> 1.3.7-4
libwireplumber 0.5.7-1 -> 0.5.8-1
libx11 1.8.10-1 -> 1.8.11-1
libxkbcommon 1.7.0-2 -> 1.8.0-1
libxkbcommon-x11 1.7.0-2 -> 1.8.0-1
libxml2 2.13.5-2 -> 2.13.6-3
lilv 0.24.24-3 -> 0.24.26-1
linux 6.12.9.arch1-1 -> 6.13.5.arch1-1
linux-api-headers 6.10-1 -> 6.13-1
linux-firmware 20250109.7673dffd-1 -> 20250210.5bc5868b-1
linux-firmware-whence 20250109.7673dffd-1 -> 20250210.5bc5868b-1
lld 19.1.6-1 -> 19.1.7-1
llvm 19.1.6-3 -> 19.1.7-1
llvm-libs 19.1.6-3 -> 19.1.7-1
luajit 2.1.1731601260-1 -> 2.1.1736781742-1
mariadb-libs 11.6.2-2 -> 11.7.2-1
mercurial 6.9.1-1 -> 6.9.2-1
mesa 1:24.3.3-2 -> 1:24.3.4-1
meson 1.6.1-1 -> 1.7.0-1
mongo-c-driver 1.29.2-1 -> 1.30.0-1
mpfr 4.2.1-4 -> 4.2.1-6
mujs 1.3.5-1 -> 1.3.6-1
neovim 0.10.3-1 -> 0.10.4-2
netstandard-targeting-pack 8.0.11.sdk111-1 -> 9.0.2.sdk103-1
networkmanager 1.50.1-2 -> 1.52.0-1
node-gyp 11.0.0-1 -> 11.1.0-3
nodejs 23.4.0-1 -> 23.9.0-1
noto-fonts 1:2025.01.01-1 -> 1:2025.03.01-1
npm 11.0.0-1 -> 11.1.0-2
nss 3.107-1 -> 3.108-1
nwg-look 1.0.0-1 -> 1.0.2-1
obs-studio 31.0.0-4 -> 31.0.1-2
openh264 2.5.0-1 -> 2.6.0-1
openssh 9.9p1-2 -> 9.9p2-1
openssl 3.4.0-1 -> 3.4.1-1
orc 0.4.40-1 -> 0.4.41-1
ostree 2024.10-1 -> 2025.1-1
pacman 7.0.0.r6.gc685ae6-1 -> 7.0.0.r6.gc685ae6-2
pacman-contrib 1.10.6-2 -> 1.11.0-1
pam 1.7.0-1 -> 1.7.0-2
pango 1:1.54.0-1 -> 1:1.56.1-1
pangomm-2.48 2.54.0-1 -> 2.56.1-1
pcre2 10.44-1 -> 10.45-1
perl 5.40.0-1 -> 5.40.1-2
postgresql-libs 17.2-1 -> 17.2-3
procps-ng 4.0.5-1 -> 4.0.5-2
pugixml 1.14-1 -> 1.15-1
python 3.13.1-1 -> 3.13.2-1
python-argcomplete 3.4.0-2 -> 3.5.3-1
python-cachecontrol 1:0.14.1-2 -> 1:0.14.2-1
python-certifi 2024.12.14-1 -> 2025.01.31-1
python-click 8.1.7-4 -> 8.1.8-1
python-cryptography 44.0.0-1 -> 44.0.1-1
python-dulwich 0.22.7-1 -> 0.22.8-1
python-filelock 3.16.1-2 -> 3.17.0-1
python-legacy-cgi 2.6.1-1 -> 2.6.2-1
python-lxml 5.3.0-2 -> 5.3.1-1
python-mako 1.3.8-1 -> 1.3.9-1
python-more-itertools 10.5.0-1 -> 10.6.0-1
python-pexpect 4.9.0-3 -> 4.9.0-4
python-poetry 1.8.5-1 -> 2.1.1-1
python-poetry-core 1.9.1-1 -> 2.1.1-1
python-poetry-plugin-export 1.8.0-3 -> 1.9.0-1
python-psutil 6.1.1-1 -> 7.0.0-1
python-ptyprocess 0.7.0-7 -> 0.7.0-8
python-pytest 1:8.3.4-1 -> 1:8.3.5-1
python-pytz 2024.2-2 -> 2025.1-1
python-rapidfuzz 3.11.0-1 -> 3.12.1-1
python-setuptools 1:75.2.0-4 -> 1:75.8.0-1
python-sphinx 8.1.3-2 -> 8.2.3-1
python-trove-classifiers 2025.1.6.15-1 -> 2025.2.18.16-1
qt5-base 5.15.16+kde+r130-3 -> 5.15.16+kde+r130-4
qt5ct 1.8-2 -> 1.9-1
qt6-5compat 6.8.1-1 -> 6.8.2-2
qt6-base 6.8.1-1 -> 6.8.2-3
qt6-declarative 6.8.1-3 -> 6.8.2-1
qt6-imageformats 6.8.1-1 -> 6.8.2-1
qt6-multimedia 6.8.1-2 -> 6.8.2-1
qt6-multimedia-ffmpeg 6.8.1-2 -> 6.8.2-1
qt6-shadertools 6.8.1-1 -> 6.8.2-1
qt6-svg 6.8.1-1 -> 6.8.2-1
qt6-translations 6.8.1-1 -> 6.8.2-1
qt6-wayland 6.8.1-1 -> 6.8.2-1
qt6ct 0.9-12 -> 0.9-13
rofi-wayland 1.7.7.1-1 -> 1.7.8.1-2
rust 1:1.84.0-1 -> 1:1.85.0-1
semver 7.6.3-1 -> 7.7.1-1
serd 0.32.2-1 -> 0.32.4-1
sfml 2.6.2-1 -> 3.0.0-2
shadow 4.16.0-1 -> 4.17.3-1
sof-firmware 2024.09.2-1 -> 2025.01-1
sord 0.16.16-1 -> 0.16.18-1
source-highlight 3.1.9-13 -> 3.1.9-14
spdlog 1.15.0-2 -> 1.15.1-1
spirv-tools 2024.4.rc2-1 -> 1:1.4.304.1-2
sqlite 3.48.0-2 -> 3.49.1-1
sratom 0.6.16-1 -> 0.6.18-1
swaync 0.10.1-3 -> 0.10.1-4
systemd 257.2-2 -> 257.3-1
systemd-libs 257.2-2 -> 257.3-1
systemd-sysvcompat 257.2-2 -> 257.3-1
tdb 1.4.12-2 -> 1.4.13-1
telegram-desktop 5.10.3-1 -> 5.11.1-3
texinfo 7.1.1-1 -> 7.2-1
thunar 4.20.1-1 -> 4.20.2-1
tinysparql 3.8.2-2 -> 3.8.2-3
tree-sitter 0.24.7-1 -> 0.25.2-1
tree-sitter-c 0.23.4-1 -> 0.23.5-1
tree-sitter-query 0.4.0-1 -> 0.5.0-1
typescript 5.7.3-1 -> 5.8.2-1
unzip 6.0-21 -> 6.0-22
valgrind 3.24.0-1 -> 3.24.0-3
vifm 0.13-3 -> 0.14-1
vim 9.1.1006-1 -> 9.1.1165-1
vim-runtime 9.1.1006-1 -> 9.1.1165-1
vulkan-headers 1:1.4.303-1 -> 1:1.4.304.1-2
vulkan-icd-loader 1.4.303-1 -> 1.4.304.1-1
vulkan-validation-layers 1.3.296.0-1 -> 1.4.304.1-2
waybar 0.11.0-6 -> 0.12.0-1
wayland-protocols 1.39-1 -> 1.41-1
webkit2gtk-4.1 2.46.5-1 -> 2.46.6-2
webrtc-audio-processing-1 1.3-3 -> 1.3-4
which 2.21-6 -> 2.23-1
wine 9.22-1 -> 10.2-2
wireplumber 0.5.7-1 -> 0.5.8-1
wireshark-cli 4.4.3-1 -> 4.4.5-1
wireshark-qt 4.4.3-1 -> 4.4.5-1
wpa_supplicant 2:2.11-2 -> 2:2.11-3
xdg-desktop-portal 1.18.4-2 -> 1.20.0-1
xdg-desktop-portal-hyprland 1.3.9-3 -> 1.3.9-5
xkeyboard-config 2.43-1 -> 2.44-1
xorg-server 21.1.15-1 -> 21.1.16-1
xorg-server-common 21.1.15-1 -> 21.1.16-1
xorg-server-xvfb 21.1.15-1 -> 21.1.16-1
xorg-xwayland 24.1.4-1 -> 24.1.6-1
xplr 0.21.9-1 -> 0.21.10-1
xz 5.6.3-1 -> 5.6.4-1
yt-dlp 2025.01.15-1 -> 2025.02.19-1
zenity 4.0.3-1 -> 4.0.5-1
zix 0.4.2-2 -> 0.6.2-1
zlib-ng 2.2.3-1 -> 2.2.4-1
zoxide 0.9.6-1 -> 0.9.7-1
zstd 1.5.6-1 -> 1.5.7-2

2025-03-03 13:53:01,198 - INFO - 
==================================================
2025-03-03 13:53:01,198 - INFO - CHECKING SSH SECURITY
2025-03-03 13:53:01,198 - INFO - ==================================================
2025-03-03 13:53:01,199 - WARNING - Password authentication is enabled.
2025-03-03 13:53:01,199 - INFO - 
==================================================
2025-03-03 13:53:01,199 - INFO - CHECKING FILE PERMISSIONS
2025-03-03 13:53:01,199 - INFO - ==================================================
2025-03-03 13:53:27,395 - ERROR - Error checking file permissions: [Errno 1] Operation not permitted: '/proc/sys/kernel/ns_last_pid'
2025-03-03 13:53:27,396 - INFO - 
==================================================
2025-03-03 13:53:27,396 - INFO - CHECKING FOR ROOTKITS
2025-03-03 13:53:27,396 - INFO - ==================================================
2025-03-03 13:53:27,397 - ERROR - rkhunter is not installed. Skipping rootkit check.
2025-03-03 13:53:27,397 - INFO - 
==================================================
2025-03-03 13:53:27,397 - INFO - ENABLING FAIL2BAN
2025-03-03 13:53:27,397 - INFO - ==================================================
2025-03-03 13:53:27,619 - INFO - fail2ban has been enabled and started.
2025-03-03 13:53:27,619 - INFO - 
==================================================
2025-03-03 13:53:27,619 - INFO - ENABLING AUDITD
2025-03-03 13:53:27,619 - INFO - ==================================================
2025-03-03 13:53:27,863 - INFO - auditd has been enabled and started.
2025-03-03 13:53:27,863 - INFO - 
==================================================
2025-03-03 13:53:27,863 - INFO - CHECKING UNNECESSARY SERVICES
2025-03-03 13:53:27,863 - INFO - ==================================================
2025-03-03 13:53:28,091 - WARNING - Unnecessary service found: bluetooth.service
2025-03-03 13:53:35,956 - INFO - bluetooth.service has been disabled.
2025-03-03 13:53:35,956 - INFO - 
==================================================
2025-03-03 13:53:35,956 - INFO - CHECKING SELINUX/APPARMOR STATUS
2025-03-03 13:53:35,956 - INFO - ==================================================
2025-03-03 13:53:35,957 - INFO - SELinux is not used on Arch Linux. Skipping check.
2025-03-03 13:53:35,961 - INFO - AppArmor is enabled.
2025-03-03 13:53:35,961 - INFO - 
==================================================
2025-03-03 13:53:35,961 - INFO - CHECKING PASSWORD POLICIES
2025-03-03 13:53:35,961 - INFO - ==================================================
2025-03-03 13:53:35,963 - INFO - Password policy found: PASS_MAX_DAYS	99999
2025-03-03 13:53:35,963 - INFO - 
==================================================
2025-03-03 13:53:35,963 - INFO - SETTING UP REMINDERS
2025-03-03 13:53:35,963 - INFO - ==================================================
2025-03-03 13:53:41,347 - INFO - No reminders set.
2025-03-03 13:53:49,356 - INFO - 
==================================================
2025-03-03 13:53:49,356 - INFO - CHECKING REQUIRED TOOLS
2025-03-03 13:53:49,356 - INFO - ==================================================
2025-03-03 13:53:53,340 - WARNING - Missing tools not installed: rkhunter
2025-03-03 13:53:53,340 - INFO - 
==================================================
2025-03-03 13:53:53,340 - INFO - CHECKING FIREWALL STATUS
2025-03-03 13:53:53,340 - INFO - ==================================================
2025-03-03 13:53:53,433 - INFO - Firewall is enabled.
2025-03-03 13:53:53,433 - INFO - 
==================================================
2025-03-03 13:53:53,433 - INFO - RUNNING CLAMAV SCAN
2025-03-03 13:53:53,433 - INFO - ==================================================
2025-03-03 13:53:53,441 - WARNING - Potential threats detected: 
----------- SCAN SUMMARY -----------
Known viruses: 0
Engine version: 1.4.1
Scanned directories: 0
Scanned files: 0
Infected files: 0
Data scanned: 0.00 MB
Data read: 0.00 MB (ratio 0.00:1)
Time: 0.002 sec (0 m 0 s)
Start Date: 2025:03:03 13:53:53
End Date:   2025:03:03 13:53:53

2025-03-03 13:53:53,442 - INFO - 
==================================================
2025-03-03 13:53:53,442 - INFO - CHECKING OPEN PORTS
2025-03-03 13:53:53,442 - INFO - ==================================================
2025-03-03 13:53:53,453 - WARNING - Suspicious open port found: tcp   LISTEN 0      128          0.0.0.0:22        0.0.0.0:*
2025-03-03 13:54:03,161 - INFO - Port 22 remains open.
2025-03-03 13:54:03,162 - WARNING - Suspicious open port found: tcp   LISTEN 0      128             [::]:22           [::]:*
2025-03-03 13:54:04,642 - INFO - Port 22 remains open.
2025-03-03 13:54:04,642 - INFO - 
==================================================
2025-03-03 13:54:04,642 - INFO - CHECKING FOR SYSTEM UPDATES
2025-03-03 13:54:04,642 - INFO - ==================================================
